<?xml version="1.0" encoding="UTF-8"?>
<!-- Generated by org.testng.reporters.JUnitReportReporter -->
<testsuite hostname="ILD-CHN-LAP-201" failures="0" tests="3" name="testCases.TC_04_LoginTestDDT" time="26.930" errors="0" timestamp="2023-02-27T14:44:18 IST" skipped="0">
  <testcase classname="testCases.TC_04_LoginTestDDT" name="test_LoginDDT" time="3.757"/>
  <system-out/>
  <testcase classname="testCases.TC_04_LoginTestDDT" name="test_LoginDDT" time="11.586"/>
  <system-out/>
  <testcase classname="testCases.TC_04_LoginTestDDT" name="test_LoginDDT" time="11.587"/>
  <system-out/>
</testsuite> <!-- testCases.TC_04_LoginTestDDT -->
