<?xml version="1.0" encoding="UTF-8"?>
<!-- Generated by org.testng.reporters.JUnitReportReporter -->
<testsuite hostname="ILD-CHN-LAP-201" failures="0" tests="1" name="testCases.TC_03_LoginTest" time="2.728" errors="0" timestamp="2023-02-27T15:49:05 IST" skipped="0">
  <testcase classname="testCases.TC_03_LoginTest" name="test_Login" time="2.728"/>
  <system-out/>
</testsuite> <!-- testCases.TC_03_LoginTest -->
