<?xml version="1.0" encoding="UTF-8"?>
<!-- Generated by org.testng.reporters.JUnitReportReporter -->
<testsuite hostname="ILD-CHN-LAP-201" failures="0" tests="1" name="testCases.TC_01_AccountRegistrationTest" time="2.450" errors="0" timestamp="2023-02-28T11:00:20 IST" skipped="0">
  <testcase classname="testCases.TC_01_AccountRegistrationTest" name="test_account_Registration" time="2.450"/>
  <system-out/>
</testsuite> <!-- testCases.TC_01_AccountRegistrationTest -->
