<?xml version="1.0" encoding="UTF-8"?>
<!-- Generated by org.testng.reporters.JUnitReportReporter -->
<testsuite hostname="ILD-CHN-LAP-201" failures="0" tests="3" name="testCases.TC_04_LoginTestDDT" time="27.829" errors="0" timestamp="2023-02-28T11:00:20 IST" skipped="0">
  <testcase classname="testCases.TC_04_LoginTestDDT" name="test_LoginDDT" time="11.718"/>
  <system-out/>
  <testcase classname="testCases.TC_04_LoginTestDDT" name="test_LoginDDT" time="4.536"/>
  <system-out/>
  <testcase classname="testCases.TC_04_LoginTestDDT" name="test_LoginDDT" time="11.575"/>
  <system-out/>
</testsuite> <!-- testCases.TC_04_LoginTestDDT -->
