<?xml version="1.0" encoding="UTF-8"?>
<!-- Generated by org.testng.reporters.JUnitReportReporter -->
<testsuite hostname="ILD-CHN-LAP-201" failures="0" tests="3" name="testCases.TC_04_LoginTestDDT" time="31.966" errors="0" timestamp="2023-02-28T10:24:45 IST" skipped="0">
  <testcase classname="testCases.TC_04_LoginTestDDT" name="test_LoginDDT" time="12.298"/>
  <system-out/>
  <testcase classname="testCases.TC_04_LoginTestDDT" name="test_LoginDDT" time="6.983"/>
  <system-out/>
  <testcase classname="testCases.TC_04_LoginTestDDT" name="test_LoginDDT" time="12.685"/>
  <system-out/>
</testsuite> <!-- testCases.TC_04_LoginTestDDT -->
