<?xml version="1.0" encoding="UTF-8"?>
<!-- Generated by org.testng.reporters.JUnitReportReporter -->
<testsuite hostname="ILD-CHN-LAP-201" failures="0" tests="1" name="testCases.TC_03_LoginTest" time="4.780" errors="0" timestamp="2023-02-28T10:24:45 IST" skipped="0">
  <testcase classname="testCases.TC_03_LoginTest" name="test_Login" time="4.780"/>
  <system-out/>
</testsuite> <!-- testCases.TC_03_LoginTest -->
